This file contains any messages produced by compilers while
running configure, to aid debugging if configure makes a mistake.

It was created by configure, which was
generated by GNU Autoconf 2.59.  Invocation command line was

  $ ./configure 

## --------- ##
## Platform. ##
## --------- ##

hostname = Gennadiys-MacBook-Pro.local
uname -m = x86_64
uname -r = 12.3.0
uname -s = Darwin
uname -v = Darwin Kernel Version 12.3.0: Sun Jan  6 22:37:10 PST 2013; root:xnu-2050.22.13~1/RELEASE_X86_64

/usr/bin/uname -p = i386
/bin/uname -X     = unknown

/bin/arch              = unknown
/usr/bin/arch -k       = unknown
/usr/convex/getsysinfo = unknown
hostinfo               = Mach kernel version:
	 Darwin Kernel Version 12.3.0: Sun Jan  6 22:37:10 PST 2013; root:xnu-2050.22.13~1/RELEASE_X86_64
Kernel configured for up to 4 processors.
2 processors are physically available.
4 processors are logically available.
Processor type: i486 (Intel 80486)
Processors active: 0 1 2 3
Primary memory available: 8.00 gigabytes
Default processor set: 228 tasks, 1351 threads, 4 processors
Load average: 2.26, Mach factor: 1.73
/bin/machine           = unknown
/usr/bin/oslevel       = unknown
/bin/universe          = unknown

PATH: /usr/bin
PATH: /bin
PATH: /usr/sbin
PATH: /sbin
PATH: /usr/local/bin


## ----------- ##
## Core tests. ##
## ----------- ##

configure:1361: checking for a BSD-compatible install
configure:1416: result: /usr/bin/install -c
configure:1427: checking whether build environment is sane
configure:1470: result: yes
configure:1535: checking for gawk
configure:1564: result: no
configure:1535: checking for mawk
configure:1564: result: no
configure:1535: checking for nawk
configure:1564: result: no
configure:1535: checking for awk
configure:1551: found /usr/bin/awk
configure:1561: result: awk
configure:1571: checking whether make sets $(MAKE)
configure:1591: result: yes
configure:1805: checking for gcc
configure:1821: found /usr/bin/gcc
configure:1831: result: gcc
configure:2075: checking for C compiler version
configure:2078: gcc --version </dev/null >&5
i686-apple-darwin11-llvm-gcc-4.2 (GCC) 4.2.1 (Based on Apple Inc. build 5658) (LLVM build 2336.11.00)
Copyright (C) 2007 Free Software Foundation, Inc.
This is free software; see the source for copying conditions.  There is NO
warranty; not even for MERCHANTABILITY or FITNESS FOR A PARTICULAR PURPOSE.

configure:2081: $? = 0
configure:2083: gcc -v </dev/null >&5
Using built-in specs.
Target: i686-apple-darwin11
Configured with: /private/var/tmp/llvmgcc42/llvmgcc42-2336.11~182/src/configure --disable-checking --enable-werror --prefix=/Applications/Xcode.app/Contents/Developer/usr/llvm-gcc-4.2 --mandir=/share/man --enable-languages=c,objc,c++,obj-c++ --program-prefix=llvm- --program-transform-name=/^[cg][^.-]*$/s/$/-4.2/ --with-slibdir=/usr/lib --build=i686-apple-darwin11 --enable-llvm=/private/var/tmp/llvmgcc42/llvmgcc42-2336.11~182/dst-llvmCore/Developer/usr/local --program-prefix=i686-apple-darwin11- --host=x86_64-apple-darwin11 --target=i686-apple-darwin11 --with-gxx-include-dir=/usr/include/c++/4.2.1
Thread model: posix
gcc version 4.2.1 (Based on Apple Inc. build 5658) (LLVM build 2336.11.00)
configure:2086: $? = 0
configure:2088: gcc -V </dev/null >&5
llvm-gcc-4.2: argument to `-V' is missing
configure:2091: $? = 1
configure:2114: checking for C compiler default output file name
configure:2117: gcc    conftest.c  >&5
configure:2120: $? = 0
configure:2166: result: a.out
configure:2171: checking whether the C compiler works
configure:2177: ./a.out
configure:2180: $? = 0
configure:2197: result: yes
configure:2204: checking whether we are cross compiling
configure:2206: result: no
configure:2209: checking for suffix of executables
configure:2211: gcc -o conftest    conftest.c  >&5
configure:2214: $? = 0
configure:2239: result: 
configure:2245: checking for suffix of object files
configure:2266: gcc -c   conftest.c >&5
configure:2269: $? = 0
configure:2291: result: o
configure:2295: checking whether we are using the GNU C compiler
configure:2319: gcc -c   conftest.c >&5
configure:2325: $? = 0
configure:2329: test -z 
			 || test ! -s conftest.err
configure:2332: $? = 0
configure:2335: test -s conftest.o
configure:2338: $? = 0
configure:2351: result: yes
configure:2357: checking whether gcc accepts -g
configure:2378: gcc -c -g  conftest.c >&5
configure:2384: $? = 0
configure:2388: test -z 
			 || test ! -s conftest.err
configure:2391: $? = 0
configure:2394: test -s conftest.o
configure:2397: $? = 0
configure:2408: result: yes
configure:2425: checking for gcc option to accept ANSI C
configure:2495: gcc  -c -g -O2  conftest.c >&5
configure:2501: $? = 0
configure:2505: test -z 
			 || test ! -s conftest.err
configure:2508: $? = 0
configure:2511: test -s conftest.o
configure:2514: $? = 0
configure:2532: result: none needed
configure:2550: gcc -c -g -O2  conftest.c >&5
conftest.c:2: error: expected '=', ',', ';', 'asm' or '__attribute__' before 'me'
configure:2556: $? = 1
configure: failed program was:
| #ifndef __cplusplus
|   choke me
| #endif
configure:2700: checking for style of include used by make
configure:2728: result: GNU
configure:2756: checking dependency style of gcc
configure:2846: result: gcc3
configure:2915: checking for g++
configure:2931: found /usr/bin/g++
configure:2941: result: g++
configure:2957: checking for C++ compiler version
configure:2960: g++ --version </dev/null >&5
i686-apple-darwin11-llvm-g++-4.2 (GCC) 4.2.1 (Based on Apple Inc. build 5658) (LLVM build 2336.11.00)
Copyright (C) 2007 Free Software Foundation, Inc.
This is free software; see the source for copying conditions.  There is NO
warranty; not even for MERCHANTABILITY or FITNESS FOR A PARTICULAR PURPOSE.

configure:2963: $? = 0
configure:2965: g++ -v </dev/null >&5
Using built-in specs.
Target: i686-apple-darwin11
Configured with: /private/var/tmp/llvmgcc42/llvmgcc42-2336.11~182/src/configure --disable-checking --enable-werror --prefix=/Applications/Xcode.app/Contents/Developer/usr/llvm-gcc-4.2 --mandir=/share/man --enable-languages=c,objc,c++,obj-c++ --program-prefix=llvm- --program-transform-name=/^[cg][^.-]*$/s/$/-4.2/ --with-slibdir=/usr/lib --build=i686-apple-darwin11 --enable-llvm=/private/var/tmp/llvmgcc42/llvmgcc42-2336.11~182/dst-llvmCore/Developer/usr/local --program-prefix=i686-apple-darwin11- --host=x86_64-apple-darwin11 --target=i686-apple-darwin11 --with-gxx-include-dir=/usr/include/c++/4.2.1
Thread model: posix
gcc version 4.2.1 (Based on Apple Inc. build 5658) (LLVM build 2336.11.00)
configure:2968: $? = 0
configure:2970: g++ -V </dev/null >&5
llvm-g++-4.2: argument to `-V' is missing
configure:2973: $? = 1
configure:2976: checking whether we are using the GNU C++ compiler
configure:3000: g++ -c   conftest.cc >&5
configure:3006: $? = 0
configure:3010: test -z 
			 || test ! -s conftest.err
configure:3013: $? = 0
configure:3016: test -s conftest.o
configure:3019: $? = 0
configure:3032: result: yes
configure:3038: checking whether g++ accepts -g
configure:3059: g++ -c -g  conftest.cc >&5
configure:3065: $? = 0
configure:3069: test -z 
			 || test ! -s conftest.err
configure:3072: $? = 0
configure:3075: test -s conftest.o
configure:3078: $? = 0
configure:3089: result: yes
configure:3131: g++ -c -g -O2  conftest.cc >&5
configure:3137: $? = 0
configure:3141: test -z 
			 || test ! -s conftest.err
configure:3144: $? = 0
configure:3147: test -s conftest.o
configure:3150: $? = 0
configure:3176: g++ -c -g -O2  conftest.cc >&5
conftest.cc: In function 'int main()':
conftest.cc:15: error: 'exit' was not declared in this scope
configure:3182: $? = 1
configure: failed program was:
| /* confdefs.h.  */
| 
| #define PACKAGE_NAME ""
| #define PACKAGE_TARNAME ""
| #define PACKAGE_VERSION ""
| #define PACKAGE_STRING ""
| #define PACKAGE_BUGREPORT ""
| #define PACKAGE "spamprobe"
| #define VERSION "1.4d"
| /* end confdefs.h.  */
| 
| int
| main ()
| {
| exit (42);
|   ;
|   return 0;
| }
configure:3131: g++ -c -g -O2  conftest.cc >&5
conftest.cc:11: error: 'void std::exit(int)' should have been declared inside 'std'
In file included from conftest.cc:12:
/usr/include/stdlib.h:159: error: declaration of 'void std::exit(int)' throws different exceptions
conftest.cc:11: error: from previous declaration 'void std::exit(int) throw ()'
configure:3137: $? = 1
configure: failed program was:
| /* confdefs.h.  */
| 
| #define PACKAGE_NAME ""
| #define PACKAGE_TARNAME ""
| #define PACKAGE_VERSION ""
| #define PACKAGE_STRING ""
| #define PACKAGE_BUGREPORT ""
| #define PACKAGE "spamprobe"
| #define VERSION "1.4d"
| /* end confdefs.h.  */
| extern "C" void std::exit (int) throw (); using std::exit;
| #include <stdlib.h>
| int
| main ()
| {
| exit (42);
|   ;
|   return 0;
| }
configure:3131: g++ -c -g -O2  conftest.cc >&5
conftest.cc:11: error: 'void std::exit(int)' should have been declared inside 'std'
configure:3137: $? = 1
configure: failed program was:
| /* confdefs.h.  */
| 
| #define PACKAGE_NAME ""
| #define PACKAGE_TARNAME ""
| #define PACKAGE_VERSION ""
| #define PACKAGE_STRING ""
| #define PACKAGE_BUGREPORT ""
| #define PACKAGE "spamprobe"
| #define VERSION "1.4d"
| /* end confdefs.h.  */
| extern "C" void std::exit (int); using std::exit;
| #include <stdlib.h>
| int
| main ()
| {
| exit (42);
|   ;
|   return 0;
| }
configure:3131: g++ -c -g -O2  conftest.cc >&5
In file included from conftest.cc:12:
/usr/include/stdlib.h:159: error: declaration of 'void exit(int)' throws different exceptions
conftest.cc:11: error: from previous declaration 'void exit(int) throw ()'
configure:3137: $? = 1
configure: failed program was:
| /* confdefs.h.  */
| 
| #define PACKAGE_NAME ""
| #define PACKAGE_TARNAME ""
| #define PACKAGE_VERSION ""
| #define PACKAGE_STRING ""
| #define PACKAGE_BUGREPORT ""
| #define PACKAGE "spamprobe"
| #define VERSION "1.4d"
| /* end confdefs.h.  */
| extern "C" void exit (int) throw ();
| #include <stdlib.h>
| int
| main ()
| {
| exit (42);
|   ;
|   return 0;
| }
configure:3131: g++ -c -g -O2  conftest.cc >&5
configure:3137: $? = 0
configure:3141: test -z 
			 || test ! -s conftest.err
configure:3144: $? = 0
configure:3147: test -s conftest.o
configure:3150: $? = 0
configure:3176: g++ -c -g -O2  conftest.cc >&5
configure:3182: $? = 0
configure:3186: test -z 
			 || test ! -s conftest.err
configure:3189: $? = 0
configure:3192: test -s conftest.o
configure:3195: $? = 0
configure:3220: checking dependency style of g++
configure:3310: result: gcc3
configure:3368: checking for ranlib
configure:3384: found /usr/bin/ranlib
configure:3395: result: ranlib
configure:3414: checking how to run the C preprocessor
configure:3449: gcc -E  conftest.c
configure:3455: $? = 0
configure:3487: gcc -E  conftest.c
conftest.c:14:28: error: ac_nonexistent.h: No such file or directory
configure:3493: $? = 1
configure: failed program was:
| /* confdefs.h.  */
| 
| #define PACKAGE_NAME ""
| #define PACKAGE_TARNAME ""
| #define PACKAGE_VERSION ""
| #define PACKAGE_STRING ""
| #define PACKAGE_BUGREPORT ""
| #define PACKAGE "spamprobe"
| #define VERSION "1.4d"
| #ifdef __cplusplus
| extern "C" void exit (int);
| #endif
| /* end confdefs.h.  */
| #include <ac_nonexistent.h>
configure:3532: result: gcc -E
configure:3556: gcc -E  conftest.c
configure:3562: $? = 0
configure:3594: gcc -E  conftest.c
conftest.c:14:28: error: ac_nonexistent.h: No such file or directory
configure:3600: $? = 1
configure: failed program was:
| /* confdefs.h.  */
| 
| #define PACKAGE_NAME ""
| #define PACKAGE_TARNAME ""
| #define PACKAGE_VERSION ""
| #define PACKAGE_STRING ""
| #define PACKAGE_BUGREPORT ""
| #define PACKAGE "spamprobe"
| #define VERSION "1.4d"
| #ifdef __cplusplus
| extern "C" void exit (int);
| #endif
| /* end confdefs.h.  */
| #include <ac_nonexistent.h>
configure:3644: checking for egrep
configure:3654: result: grep -E
configure:3659: checking for ANSI C header files
configure:3684: gcc -c -g -O2  conftest.c >&5
configure:3690: $? = 0
configure:3694: test -z 
			 || test ! -s conftest.err
configure:3697: $? = 0
configure:3700: test -s conftest.o
configure:3703: $? = 0
configure:3792: gcc -o conftest -g -O2   conftest.c  >&5
conftest.c: In function 'main':
conftest.c:31: warning: incompatible implicit declaration of built-in function 'exit'
configure:3795: $? = 0
configure:3797: ./conftest
configure:3800: $? = 0
configure:3815: result: yes
configure:3839: checking for sys/types.h
configure:3855: gcc -c -g -O2  conftest.c >&5
configure:3861: $? = 0
configure:3865: test -z 
			 || test ! -s conftest.err
configure:3868: $? = 0
configure:3871: test -s conftest.o
configure:3874: $? = 0
configure:3885: result: yes
configure:3839: checking for sys/stat.h
configure:3855: gcc -c -g -O2  conftest.c >&5
configure:3861: $? = 0
configure:3865: test -z 
			 || test ! -s conftest.err
configure:3868: $? = 0
configure:3871: test -s conftest.o
configure:3874: $? = 0
configure:3885: result: yes
configure:3839: checking for stdlib.h
configure:3855: gcc -c -g -O2  conftest.c >&5
configure:3861: $? = 0
configure:3865: test -z 
			 || test ! -s conftest.err
configure:3868: $? = 0
configure:3871: test -s conftest.o
configure:3874: $? = 0
configure:3885: result: yes
configure:3839: checking for string.h
configure:3855: gcc -c -g -O2  conftest.c >&5
configure:3861: $? = 0
configure:3865: test -z 
			 || test ! -s conftest.err
configure:3868: $? = 0
configure:3871: test -s conftest.o
configure:3874: $? = 0
configure:3885: result: yes
configure:3839: checking for memory.h
configure:3855: gcc -c -g -O2  conftest.c >&5
configure:3861: $? = 0
configure:3865: test -z 
			 || test ! -s conftest.err
configure:3868: $? = 0
configure:3871: test -s conftest.o
configure:3874: $? = 0
configure:3885: result: yes
configure:3839: checking for strings.h
configure:3855: gcc -c -g -O2  conftest.c >&5
configure:3861: $? = 0
configure:3865: test -z 
			 || test ! -s conftest.err
configure:3868: $? = 0
configure:3871: test -s conftest.o
configure:3874: $? = 0
configure:3885: result: yes
configure:3839: checking for inttypes.h
configure:3855: gcc -c -g -O2  conftest.c >&5
configure:3861: $? = 0
configure:3865: test -z 
			 || test ! -s conftest.err
configure:3868: $? = 0
configure:3871: test -s conftest.o
configure:3874: $? = 0
configure:3885: result: yes
configure:3839: checking for stdint.h
configure:3855: gcc -c -g -O2  conftest.c >&5
configure:3861: $? = 0
configure:3865: test -z 
			 || test ! -s conftest.err
configure:3868: $? = 0
configure:3871: test -s conftest.o
configure:3874: $? = 0
configure:3885: result: yes
configure:3839: checking for unistd.h
configure:3855: gcc -c -g -O2  conftest.c >&5
configure:3861: $? = 0
configure:3865: test -z 
			 || test ! -s conftest.err
configure:3868: $? = 0
configure:3871: test -s conftest.o
configure:3874: $? = 0
configure:3885: result: yes
configure:3902: checking for unistd.h
configure:3907: result: yes
configure:4061: checking dirent.h usability
configure:4073: gcc -c -g -O2  conftest.c >&5
configure:4079: $? = 0
configure:4083: test -z 
			 || test ! -s conftest.err
configure:4086: $? = 0
configure:4089: test -s conftest.o
configure:4092: $? = 0
configure:4102: result: yes
configure:4106: checking dirent.h presence
configure:4116: gcc -E  conftest.c
configure:4122: $? = 0
configure:4142: result: yes
configure:4177: checking for dirent.h
configure:4184: result: yes
configure:4537: checking for BerkeleyDB library
configure:4560: gcc -o conftest -g -O2 -DNDEBUG   conftest.c  >&5
conftest.c: In function 'main':
conftest.c:31: error: 'DB_ENV' undeclared (first use in this function)
conftest.c:31: error: (Each undeclared identifier is reported only once
conftest.c:31: error: for each function it appears in.)
conftest.c:31: error: 'dbEnv' undeclared (first use in this function)
configure:4566: $? = 1
configure: failed program was:
| /* confdefs.h.  */
| 
| #define PACKAGE_NAME ""
| #define PACKAGE_TARNAME ""
| #define PACKAGE_VERSION ""
| #define PACKAGE_STRING ""
| #define PACKAGE_BUGREPORT ""
| #define PACKAGE "spamprobe"
| #define VERSION "1.4d"
| #ifdef __cplusplus
| extern "C" void exit (int);
| #endif
| #define STDC_HEADERS 1
| #define HAVE_SYS_TYPES_H 1
| #define HAVE_SYS_STAT_H 1
| #define HAVE_STDLIB_H 1
| #define HAVE_STRING_H 1
| #define HAVE_MEMORY_H 1
| #define HAVE_STRINGS_H 1
| #define HAVE_INTTYPES_H 1
| #define HAVE_STDINT_H 1
| #define HAVE_UNISTD_H 1
| #define HAVE_UNISTD_H 1
| #define HAVE_DIRENT_H 1
| #define HAVE_REGEX_H 1
| /* end confdefs.h.  */
| #include <db.h>
| int
| main ()
| {
| DB *db; DB_ENV *dbEnv; db_create(&db, dbEnv, 0);
|   ;
|   return 0;
| }
configure:4593: gcc -o conftest -g -O2 -DNDEBUG   conftest.c -ldb   >&5
conftest.c: In function 'main':
conftest.c:31: error: 'DB_ENV' undeclared (first use in this function)
conftest.c:31: error: (Each undeclared identifier is reported only once
conftest.c:31: error: for each function it appears in.)
conftest.c:31: error: 'dbEnv' undeclared (first use in this function)
configure:4599: $? = 1
configure: failed program was:
| /* confdefs.h.  */
| 
| #define PACKAGE_NAME ""
| #define PACKAGE_TARNAME ""
| #define PACKAGE_VERSION ""
| #define PACKAGE_STRING ""
| #define PACKAGE_BUGREPORT ""
| #define PACKAGE "spamprobe"
| #define VERSION "1.4d"
| #ifdef __cplusplus
| extern "C" void exit (int);
| #endif
| #define STDC_HEADERS 1
| #define HAVE_SYS_TYPES_H 1
| #define HAVE_SYS_STAT_H 1
| #define HAVE_STDLIB_H 1
| #define HAVE_STRING_H 1
| #define HAVE_MEMORY_H 1
| #define HAVE_STRINGS_H 1
| #define HAVE_INTTYPES_H 1
| #define HAVE_STDINT_H 1
| #define HAVE_UNISTD_H 1
| #define HAVE_UNISTD_H 1
| #define HAVE_DIRENT_H 1
| #define HAVE_REGEX_H 1
| /* end confdefs.h.  */
| #include <db.h>
| int
| main ()
| {
| DB *db; DB_ENV *dbEnv; db_create(&db, dbEnv, 0);
|   ;
|   return 0;
| }
configure:4593: gcc -o conftest -g -O2 -DNDEBUG   conftest.c -ldb4   >&5
conftest.c: In function 'main':
conftest.c:31: error: 'DB_ENV' undeclared (first use in this function)
conftest.c:31: error: (Each undeclared identifier is reported only once
conftest.c:31: error: for each function it appears in.)
conftest.c:31: error: 'dbEnv' undeclared (first use in this function)
configure:4599: $? = 1
configure: failed program was:
| /* confdefs.h.  */
| 
| #define PACKAGE_NAME ""
| #define PACKAGE_TARNAME ""
| #define PACKAGE_VERSION ""
| #define PACKAGE_STRING ""
| #define PACKAGE_BUGREPORT ""
| #define PACKAGE "spamprobe"
| #define VERSION "1.4d"
| #ifdef __cplusplus
| extern "C" void exit (int);
| #endif
| #define STDC_HEADERS 1
| #define HAVE_SYS_TYPES_H 1
| #define HAVE_SYS_STAT_H 1
| #define HAVE_STDLIB_H 1
| #define HAVE_STRING_H 1
| #define HAVE_MEMORY_H 1
| #define HAVE_STRINGS_H 1
| #define HAVE_INTTYPES_H 1
| #define HAVE_STDINT_H 1
| #define HAVE_UNISTD_H 1
| #define HAVE_UNISTD_H 1
| #define HAVE_DIRENT_H 1
| #define HAVE_REGEX_H 1
| /* end confdefs.h.  */
| #include <db.h>
| int
| main ()
| {
| DB *db; DB_ENV *dbEnv; db_create(&db, dbEnv, 0);
|   ;
|   return 0;
| }
configure:4593: gcc -o conftest -g -O2 -DNDEBUG   conftest.c -ldb-4   >&5
conftest.c: In function 'main':
conftest.c:31: error: 'DB_ENV' undeclared (first use in this function)
conftest.c:31: error: (Each undeclared identifier is reported only once
conftest.c:31: error: for each function it appears in.)
conftest.c:31: error: 'dbEnv' undeclared (first use in this function)
configure:4599: $? = 1
configure: failed program was:
| /* confdefs.h.  */
| 
| #define PACKAGE_NAME ""
| #define PACKAGE_TARNAME ""
| #define PACKAGE_VERSION ""
| #define PACKAGE_STRING ""
| #define PACKAGE_BUGREPORT ""
| #define PACKAGE "spamprobe"
| #define VERSION "1.4d"
| #ifdef __cplusplus
| extern "C" void exit (int);
| #endif
| #define STDC_HEADERS 1
| #define HAVE_SYS_TYPES_H 1
| #define HAVE_SYS_STAT_H 1
| #define HAVE_STDLIB_H 1
| #define HAVE_STRING_H 1
| #define HAVE_MEMORY_H 1
| #define HAVE_STRINGS_H 1
| #define HAVE_INTTYPES_H 1
| #define HAVE_STDINT_H 1
| #define HAVE_UNISTD_H 1
| #define HAVE_UNISTD_H 1
| #define HAVE_DIRENT_H 1
| #define HAVE_REGEX_H 1
| /* end confdefs.h.  */
| #include <db.h>
| int
| main ()
| {
| DB *db; DB_ENV *dbEnv; db_create(&db, dbEnv, 0);
|   ;
|   return 0;
| }
configure:4593: gcc -o conftest -g -O2 -DNDEBUG   conftest.c -ldb3   >&5
conftest.c: In function 'main':
conftest.c:31: error: 'DB_ENV' undeclared (first use in this function)
conftest.c:31: error: (Each undeclared identifier is reported only once
conftest.c:31: error: for each function it appears in.)
conftest.c:31: error: 'dbEnv' undeclared (first use in this function)
configure:4599: $? = 1
configure: failed program was:
| /* confdefs.h.  */
| 
| #define PACKAGE_NAME ""
| #define PACKAGE_TARNAME ""
| #define PACKAGE_VERSION ""
| #define PACKAGE_STRING ""
| #define PACKAGE_BUGREPORT ""
| #define PACKAGE "spamprobe"
| #define VERSION "1.4d"
| #ifdef __cplusplus
| extern "C" void exit (int);
| #endif
| #define STDC_HEADERS 1
| #define HAVE_SYS_TYPES_H 1
| #define HAVE_SYS_STAT_H 1
| #define HAVE_STDLIB_H 1
| #define HAVE_STRING_H 1
| #define HAVE_MEMORY_H 1
| #define HAVE_STRINGS_H 1
| #define HAVE_INTTYPES_H 1
| #define HAVE_STDINT_H 1
| #define HAVE_UNISTD_H 1
| #define HAVE_UNISTD_H 1
| #define HAVE_DIRENT_H 1
| #define HAVE_REGEX_H 1
| /* end confdefs.h.  */
| #include <db.h>
| int
| main ()
| {
| DB *db; DB_ENV *dbEnv; db_create(&db, dbEnv, 0);
|   ;
|   return 0;
| }
configure:4593: gcc -o conftest -g -O2 -DNDEBUG   conftest.c -ldb-3   >&5
conftest.c: In function 'main':
conftest.c:31: error: 'DB_ENV' undeclared (first use in this function)
conftest.c:31: error: (Each undeclared identifier is reported only once
conftest.c:31: error: for each function it appears in.)
conftest.c:31: error: 'dbEnv' undeclared (first use in this function)
configure:4599: $? = 1
configure: failed program was:
| /* confdefs.h.  */
| 
| #define PACKAGE_NAME ""
| #define PACKAGE_TARNAME ""
| #define PACKAGE_VERSION ""
| #define PACKAGE_STRING ""
| #define PACKAGE_BUGREPORT ""
| #define PACKAGE "spamprobe"
| #define VERSION "1.4d"
| #ifdef __cplusplus
| extern "C" void exit (int);
| #endif
| #define STDC_HEADERS 1
| #define HAVE_SYS_TYPES_H 1
| #define HAVE_SYS_STAT_H 1
| #define HAVE_STDLIB_H 1
| #define HAVE_STRING_H 1
| #define HAVE_MEMORY_H 1
| #define HAVE_STRINGS_H 1
| #define HAVE_INTTYPES_H 1
| #define HAVE_STDINT_H 1
| #define HAVE_UNISTD_H 1
| #define HAVE_UNISTD_H 1
| #define HAVE_DIRENT_H 1
| #define HAVE_REGEX_H 1
| /* end confdefs.h.  */
| #include <db.h>
| int
| main ()
| {
| DB *db; DB_ENV *dbEnv; db_create(&db, dbEnv, 0);
|   ;
|   return 0;
| }
configure:4626: result: no
configure:4812: gcc -o conftest -g -O2 -DNDEBUG   conftest.c  >&5
configure:4818: $? = 0
configure:4822: test -z 
			 || test ! -s conftest.err
configure:4825: $? = 0
configure:4828: test -s conftest
configure:4831: $? = 0
configure:4876: checking gif_lib.h usability
configure:4888: gcc -c -g -O2 -DNDEBUG  conftest.c >&5
conftest.c:62:21: error: gif_lib.h: No such file or directory
configure:4894: $? = 1
configure: failed program was:
| /* confdefs.h.  */
| 
| #define PACKAGE_NAME ""
| #define PACKAGE_TARNAME ""
| #define PACKAGE_VERSION ""
| #define PACKAGE_STRING ""
| #define PACKAGE_BUGREPORT ""
| #define PACKAGE "spamprobe"
| #define VERSION "1.4d"
| #ifdef __cplusplus
| extern "C" void exit (int);
| #endif
| #define STDC_HEADERS 1
| #define HAVE_SYS_TYPES_H 1
| #define HAVE_SYS_STAT_H 1
| #define HAVE_STDLIB_H 1
| #define HAVE_STRING_H 1
| #define HAVE_MEMORY_H 1
| #define HAVE_STRINGS_H 1
| #define HAVE_INTTYPES_H 1
| #define HAVE_STDINT_H 1
| #define HAVE_UNISTD_H 1
| #define HAVE_UNISTD_H 1
| #define HAVE_DIRENT_H 1
| #define HAVE_REGEX_H 1
| #define USE_MMAP 1
| /* end confdefs.h.  */
| #include <stdio.h>
| #if HAVE_SYS_TYPES_H
| # include <sys/types.h>
| #endif
| #if HAVE_SYS_STAT_H
| # include <sys/stat.h>
| #endif
| #if STDC_HEADERS
| # include <stdlib.h>
| # include <stddef.h>
| #else
| # if HAVE_STDLIB_H
| #  include <stdlib.h>
| # endif
| #endif
| #if HAVE_STRING_H
| # if !STDC_HEADERS && HAVE_MEMORY_H
| #  include <memory.h>
| # endif
| # include <string.h>
| #endif
| #if HAVE_STRINGS_H
| # include <strings.h>
| #endif
| #if HAVE_INTTYPES_H
| # include <inttypes.h>
| #else
| # if HAVE_STDINT_H
| #  include <stdint.h>
| # endif
| #endif
| #if HAVE_UNISTD_H
| # include <unistd.h>
| #endif
| #include <gif_lib.h>
configure:4917: result: no
configure:4921: checking gif_lib.h presence
configure:4931: gcc -E -DNDEBUG  conftest.c
conftest.c:28:21: error: gif_lib.h: No such file or directory
configure:4937: $? = 1
configure: failed program was:
| /* confdefs.h.  */
| 
| #define PACKAGE_NAME ""
| #define PACKAGE_TARNAME ""
| #define PACKAGE_VERSION ""
| #define PACKAGE_STRING ""
| #define PACKAGE_BUGREPORT ""
| #define PACKAGE "spamprobe"
| #define VERSION "1.4d"
| #ifdef __cplusplus
| extern "C" void exit (int);
| #endif
| #define STDC_HEADERS 1
| #define HAVE_SYS_TYPES_H 1
| #define HAVE_SYS_STAT_H 1
| #define HAVE_STDLIB_H 1
| #define HAVE_STRING_H 1
| #define HAVE_MEMORY_H 1
| #define HAVE_STRINGS_H 1
| #define HAVE_INTTYPES_H 1
| #define HAVE_STDINT_H 1
| #define HAVE_UNISTD_H 1
| #define HAVE_UNISTD_H 1
| #define HAVE_DIRENT_H 1
| #define HAVE_REGEX_H 1
| #define USE_MMAP 1
| /* end confdefs.h.  */
| #include <gif_lib.h>
configure:4957: result: no
configure:4992: checking for gif_lib.h
configure:4999: result: no
configure:5175: checking png.h usability
configure:5187: gcc -c -g -O2 -DNDEBUG  conftest.c >&5
configure:5193: $? = 0
configure:5197: test -z 
			 || test ! -s conftest.err
configure:5200: $? = 0
configure:5203: test -s conftest.o
configure:5206: $? = 0
configure:5216: result: yes
configure:5220: checking png.h presence
configure:5230: gcc -E -DNDEBUG  conftest.c
configure:5236: $? = 0
configure:5256: result: yes
configure:5291: checking for png.h
configure:5298: result: yes
configure:5303: checking for png_set_progressive_read_fn in -lpng
configure:5333: gcc -o conftest -g -O2 -DNDEBUG   conftest.c -lpng   >&5
configure:5339: $? = 0
configure:5343: test -z 
			 || test ! -s conftest.err
configure:5346: $? = 0
configure:5349: test -s conftest
configure:5352: $? = 0
configure:5365: result: yes
configure:5402: checking jpeglib.h usability
configure:5414: gcc -c -g -O2 -DNDEBUG  conftest.c >&5
configure:5420: $? = 0
configure:5424: test -z 
			 || test ! -s conftest.err
configure:5427: $? = 0
configure:5430: test -s conftest.o
configure:5433: $? = 0
configure:5443: result: yes
configure:5447: checking jpeglib.h presence
configure:5457: gcc -E -DNDEBUG  conftest.c
configure:5463: $? = 0
configure:5483: result: yes
configure:5518: checking for jpeglib.h
configure:5525: result: yes
configure:5530: checking for jpeg_read_header in -ljpeg
configure:5560: gcc -o conftest -g -O2 -DNDEBUG   conftest.c -ljpeg   -lpng >&5
configure:5566: $? = 0
configure:5570: test -z 
			 || test ! -s conftest.err
configure:5573: $? = 0
configure:5576: test -s conftest
configure:5579: $? = 0
configure:5592: result: yes
configure:5619: checking for a BSD-compatible install
configure:5674: result: /usr/bin/install -c
configure:5833: creating ./config.status

## ---------------------- ##
## Running config.status. ##
## ---------------------- ##

This file was extended by config.status, which was
generated by GNU Autoconf 2.59.  Invocation command line was

  CONFIG_FILES    = 
  CONFIG_HEADERS  = 
  CONFIG_LINKS    = 
  CONFIG_COMMANDS = 
  $ ./config.status 

on Gennadiys-MacBook-Pro.local

config.status:697: creating Makefile
config.status:697: creating src/Makefile
config.status:697: creating src/database/Makefile
config.status:697: creating src/hdl/Makefile
config.status:697: creating src/includes/Makefile
config.status:697: creating src/input/Makefile
config.status:697: creating src/parser/Makefile
config.status:697: creating src/utility/Makefile
config.status:697: creating src/spamprobe/Makefile
config.status:880: executing depfiles commands

## ---------------- ##
## Cache variables. ##
## ---------------- ##

ac_cv_c_compiler_gnu=yes
ac_cv_cxx_compiler_gnu=yes
ac_cv_env_CC_set=
ac_cv_env_CC_value=
ac_cv_env_CFLAGS_set=
ac_cv_env_CFLAGS_value=
ac_cv_env_CPPFLAGS_set=
ac_cv_env_CPPFLAGS_value=
ac_cv_env_CPP_set=
ac_cv_env_CPP_value=
ac_cv_env_CXXFLAGS_set=
ac_cv_env_CXXFLAGS_value=
ac_cv_env_CXX_set=
ac_cv_env_CXX_value=
ac_cv_env_LDFLAGS_set=
ac_cv_env_LDFLAGS_value=
ac_cv_env_build_alias_set=
ac_cv_env_build_alias_value=
ac_cv_env_host_alias_set=
ac_cv_env_host_alias_value=
ac_cv_env_target_alias_set=
ac_cv_env_target_alias_value=
ac_cv_exeext=
ac_cv_header_dirent_h=yes
ac_cv_header_gif_lib_h=no
ac_cv_header_inttypes_h=yes
ac_cv_header_jpeglib_h=yes
ac_cv_header_memory_h=yes
ac_cv_header_png_h=yes
ac_cv_header_stdc=yes
ac_cv_header_stdint_h=yes
ac_cv_header_stdlib_h=yes
ac_cv_header_string_h=yes
ac_cv_header_strings_h=yes
ac_cv_header_sys_stat_h=yes
ac_cv_header_sys_types_h=yes
ac_cv_header_unistd_h=yes
ac_cv_lib_jpeg_jpeg_read_header=yes
ac_cv_lib_png_png_set_progressive_read_fn=yes
ac_cv_objext=o
ac_cv_path_install='/usr/bin/install -c'
ac_cv_prog_AWK=awk
ac_cv_prog_CPP='gcc -E'
ac_cv_prog_ac_ct_CC=gcc
ac_cv_prog_ac_ct_CXX=g++
ac_cv_prog_ac_ct_RANLIB=ranlib
ac_cv_prog_cc_g=yes
ac_cv_prog_cc_stdc=
ac_cv_prog_cxx_g=yes
ac_cv_prog_egrep='grep -E'
ac_cv_prog_make_make_set=yes
am_cv_CC_dependencies_compiler_type=gcc3
am_cv_CXX_dependencies_compiler_type=gcc3
dac_cv_search_BerkeleyDB=no

## ----------------- ##
## Output variables. ##
## ----------------- ##

ACLOCAL='${SHELL} /Users/gennad/Downloads/spamprobe-1.4d/missing --run aclocal-1.9'
AMDEPBACKSLASH='\'
AMDEP_FALSE='#'
AMDEP_TRUE=''
AMTAR='${SHELL} /Users/gennad/Downloads/spamprobe-1.4d/missing --run tar'
AUTOCONF='${SHELL} /Users/gennad/Downloads/spamprobe-1.4d/missing --run autoconf'
AUTOHEADER='${SHELL} /Users/gennad/Downloads/spamprobe-1.4d/missing --run autoheader'
AUTOMAKE='${SHELL} /Users/gennad/Downloads/spamprobe-1.4d/missing --run automake-1.9'
AWK='awk'
CC='gcc'
CCDEPMODE='depmode=gcc3'
CFLAGS='-g -O2'
CPP='gcc -E'
CPPFLAGS='-DNDEBUG '
CXX='g++'
CXXDEPMODE='depmode=gcc3'
CXXFLAGS='-g -O2'
CYGPATH_W='echo'
DEFS='-DPACKAGE_NAME=\"\" -DPACKAGE_TARNAME=\"\" -DPACKAGE_VERSION=\"\" -DPACKAGE_STRING=\"\" -DPACKAGE_BUGREPORT=\"\" -DPACKAGE=\"spamprobe\" -DVERSION=\"1.4d\" -DSTDC_HEADERS=1 -DHAVE_SYS_TYPES_H=1 -DHAVE_SYS_STAT_H=1 -DHAVE_STDLIB_H=1 -DHAVE_STRING_H=1 -DHAVE_MEMORY_H=1 -DHAVE_STRINGS_H=1 -DHAVE_INTTYPES_H=1 -DHAVE_STDINT_H=1 -DHAVE_UNISTD_H=1 -DHAVE_UNISTD_H=1 -DHAVE_DIRENT_H=1 -DHAVE_REGEX_H=1 -DUSE_MMAP=1 -DHAVE_PNG=1 -DHAVE_JPEG=1 '
DEPDIR='.deps'
ECHO_C='ECHO_N=''
ECHO_T=''
EGREP='grep -E'
EXEEXT=''
INSTALL_DATA='${INSTALL} -m 644'
INSTALL_PROGRAM='${INSTALL}'
INSTALL_SCRIPT='${INSTALL}'
INSTALL_STRIP_PROGRAM='${SHELL} $(install_sh) -c -s'
LDFLAGS=''
LIBOBJS=''
LIBS=' -lpng -ljpeg'
LTLIBOBJS=''
MAKEINFO='${SHELL} /Users/gennad/Downloads/spamprobe-1.4d/missing --run makeinfo'
OBJEXT='o'
PACKAGE='spamprobe'
PACKAGE_BUGREPORT=''
PACKAGE_NAME=''
PACKAGE_STRING=''
PACKAGE_TARNAME=''
PACKAGE_VERSION=''
PATH_SEPARATOR=':'
RANLIB='ranlib'
SET_MAKE=''
SHELL='/bin/sh'
STRIP=''
VERSION='1.4d'
ac_ct_CC='gcc'
ac_ct_CXX='g++'
ac_ct_RANLIB='ranlib'
ac_ct_STRIP=''
am__fastdepCC_FALSE='#'
am__fastdepCC_TRUE=''
am__fastdepCXX_FALSE='#'
am__fastdepCXX_TRUE=''
am__include='include'
am__leading_dot='.'
am__quote=''
am__tar='${AMTAR} chof - "$$tardir"'
am__untar='${AMTAR} xf -'
bindir='${exec_prefix}/bin'
build_alias=''
datadir='${prefix}/share'
exec_prefix='${prefix}'
host_alias=''
includedir='${prefix}/include'
infodir='${prefix}/info'
install_sh='/Users/gennad/Downloads/spamprobe-1.4d/install-sh'
libdir='${exec_prefix}/lib'
libexecdir='${exec_prefix}/libexec'
localstatedir='${prefix}/var'
mandir='${prefix}/man'
mkdir_p='$(mkinstalldirs)'
oldincludedir='/usr/include'
prefix='/usr/local'
program_transform_name='s,x,x,'
sbindir='${exec_prefix}/sbin'
sharedstatedir='${prefix}/com'
sysconfdir='${prefix}/etc'
target_alias=''

## ----------- ##
## confdefs.h. ##
## ----------- ##

#define HAVE_DIRENT_H 1
#define HAVE_INTTYPES_H 1
#define HAVE_JPEG 1
#define HAVE_MEMORY_H 1
#define HAVE_PNG 1
#define HAVE_REGEX_H 1
#define HAVE_STDINT_H 1
#define HAVE_STDLIB_H 1
#define HAVE_STRINGS_H 1
#define HAVE_STRING_H 1
#define HAVE_SYS_STAT_H 1
#define HAVE_SYS_TYPES_H 1
#define HAVE_UNISTD_H 1
#define HAVE_UNISTD_H 1
#define PACKAGE "spamprobe"
#define PACKAGE_BUGREPORT ""
#define PACKAGE_NAME ""
#define PACKAGE_STRING ""
#define PACKAGE_TARNAME ""
#define PACKAGE_VERSION ""
#define STDC_HEADERS 1
#define USE_MMAP 1
#define VERSION "1.4d"
#endif
#ifdef __cplusplus
extern "C" void exit (int);

configure: exit 0
